<?xml version="1.0" encoding="UTF-8"?>
<robot generator="Robot 3.2.1 (Python 3.8.2 on win32)" generated="20200601 15:27:19.746" rpa="false">
<suite id="s1" name="Login" source="C:\Users\kchaple\PycharmProjects\Mercury\TestCases\Login.robot">
<kw name="Open My Browser" library="LoginKeywors" type="setup">
<arguments>
<arg>${SiteUrl}</arg>
<arg>${Browser}</arg>
</arguments>
<kw name="Open Browser" library="SeleniumLibrary">
<doc>Opens a new browser instance to the optional ``url``.</doc>
<arguments>
<arg>${SiteUrl}</arg>
<arg>${Browser}</arg>
</arguments>
<msg timestamp="20200601 15:27:20.433" level="INFO">Opening browser 'chrome' to base url 'http://newtours.demoaut.com/'.</msg>
<status status="PASS" starttime="20200601 15:27:20.433" endtime="20200601 15:27:26.862"></status>
</kw>
<kw name="Maximize Browser Window" library="SeleniumLibrary">
<doc>Maximizes current browser window.</doc>
<status status="PASS" starttime="20200601 15:27:26.862" endtime="20200601 15:27:27.052"></status>
</kw>
<status status="PASS" starttime="20200601 15:27:20.433" endtime="20200601 15:27:27.052"></status>
</kw>
<test id="s1-t1" name="LoginTest">
<kw name="Enter UserName" library="LoginKeywors">
<arguments>
<arg>${user}</arg>
</arguments>
<kw name="Input Text" library="SeleniumLibrary">
<doc>Types the given ``text`` into the text field identified by ``locator``.</doc>
<arguments>
<arg>${txt_loginUserName}</arg>
<arg>${username}</arg>
</arguments>
<msg timestamp="20200601 15:27:27.056" level="INFO">Typing text 'tutorial' into text field 'name:userName'.</msg>
<status status="PASS" starttime="20200601 15:27:27.055" endtime="20200601 15:27:27.401"></status>
</kw>
<status status="PASS" starttime="20200601 15:27:27.054" endtime="20200601 15:27:27.402"></status>
</kw>
<kw name="Enter Password" library="LoginKeywors">
<arguments>
<arg>${pwd}</arg>
</arguments>
<kw name="Input Text" library="SeleniumLibrary">
<doc>Types the given ``text`` into the text field identified by ``locator``.</doc>
<arguments>
<arg>${txt_loginPassword}</arg>
<arg>${password}</arg>
</arguments>
<msg timestamp="20200601 15:27:27.404" level="INFO">Typing text 'tutorial' into text field 'name:password'.</msg>
<status status="PASS" starttime="20200601 15:27:27.404" endtime="20200601 15:27:27.549"></status>
</kw>
<status status="PASS" starttime="20200601 15:27:27.402" endtime="20200601 15:27:27.550"></status>
</kw>
<kw name="Click SignIn" library="LoginKeywors">
<kw name="Click Button" library="SeleniumLibrary">
<doc>Clicks the button identified by ``locator``.</doc>
<arguments>
<arg>${btn_signIn}</arg>
</arguments>
<msg timestamp="20200601 15:27:27.552" level="INFO">Clicking button 'name:login'.</msg>
<status status="PASS" starttime="20200601 15:27:27.552" endtime="20200601 15:28:27.537"></status>
</kw>
<status status="PASS" starttime="20200601 15:27:27.550" endtime="20200601 15:28:27.538"></status>
</kw>
<kw name="Sleep" library="BuiltIn">
<doc>Pauses the test executed for the given time.</doc>
<arguments>
<arg>${timeout}</arg>
</arguments>
<msg timestamp="20200601 15:28:30.541" level="INFO">Slept 3 seconds</msg>
<status status="PASS" starttime="20200601 15:28:27.538" endtime="20200601 15:28:30.541"></status>
</kw>
<kw name="Verify Successful Login" library="LoginKeywors">
<kw name="Title Should Be" library="SeleniumLibrary">
<doc>Verifies that the current page title equals ``title``.</doc>
<arguments>
<arg>Find a Flight: Mercury Tours:</arg>
</arguments>
<msg timestamp="20200601 15:28:30.557" level="INFO">Page title is 'Find a Flight: Mercury Tours:'.</msg>
<status status="PASS" starttime="20200601 15:28:30.543" endtime="20200601 15:28:30.557"></status>
</kw>
<status status="PASS" starttime="20200601 15:28:30.542" endtime="20200601 15:28:30.558"></status>
</kw>
<status status="PASS" starttime="20200601 15:27:27.052" endtime="20200601 15:28:30.558" critical="yes"></status>
</test>
<kw name="close my broswers" library="LoginKeywors" type="teardown">
<kw name="Close All Browsers" library="SeleniumLibrary">
<doc>Closes all open browsers and resets the browser cache.</doc>
<status status="PASS" starttime="20200601 15:28:30.562" endtime="20200601 15:28:33.177"></status>
</kw>
<status status="PASS" starttime="20200601 15:28:30.562" endtime="20200601 15:28:33.178"></status>
</kw>
<status status="PASS" starttime="20200601 15:27:19.750" endtime="20200601 15:28:33.178"></status>
</suite>
<statistics>
<total>
<stat pass="1" fail="0">Critical Tests</stat>
<stat pass="1" fail="0">All Tests</stat>
</total>
<tag>
</tag>
<suite>
<stat pass="1" fail="0" id="s1" name="Login">Login</stat>
</suite>
</statistics>
<errors>
</errors>
</robot>
