<?xml version="1.0" encoding="UTF-8"?>
<robot generator="Robot 3.2.1 (Python 3.8.2 on win32)" generated="20200601 16:35:33.571" rpa="false">
<suite id="s1" name="Login" source="C:\Users\kchaple\PycharmProjects\Mercury\TestCases\Login.robot">
<kw name="Open My Browser" library="LoginKeywors" type="setup">
<arguments>
<arg>${SiteUrl}</arg>
<arg>${Browser}</arg>
</arguments>
<kw name="Open Browser" library="SeleniumLibrary">
<doc>Opens a new browser instance to the optional ``url``.</doc>
<arguments>
<arg>${SiteUrl}</arg>
<arg>${Browser}</arg>
</arguments>
<msg timestamp="20200601 16:35:35.323" level="INFO">Opening browser 'chrome' to base url 'http://newtours.demoaut.com/'.</msg>
<status status="PASS" starttime="20200601 16:35:35.322" endtime="20200601 16:35:44.586"></status>
</kw>
<kw name="Maximize Browser Window" library="SeleniumLibrary">
<doc>Maximizes current browser window.</doc>
<status status="PASS" starttime="20200601 16:35:44.586" endtime="20200601 16:35:46.093"></status>
</kw>
<status status="PASS" starttime="20200601 16:35:35.321" endtime="20200601 16:35:46.094"></status>
</kw>
<test id="s1-t1" name="LoginTest">
<kw name="Enter UserName" library="LoginKeywors">
<arguments>
<arg>${user}</arg>
</arguments>
<kw name="Input Text" library="SeleniumLibrary">
<doc>Types the given ``text`` into the text field identified by ``locator``.</doc>
<arguments>
<arg>${txt_loginUserName}</arg>
<arg>${username}</arg>
</arguments>
<msg timestamp="20200601 16:35:46.096" level="INFO">Typing text 'tutorial' into text field 'name:userName'.</msg>
<status status="PASS" starttime="20200601 16:35:46.096" endtime="20200601 16:36:05.267"></status>
</kw>
<status status="PASS" starttime="20200601 16:35:46.095" endtime="20200601 16:36:05.268"></status>
</kw>
<kw name="Enter Password" library="LoginKeywors">
<arguments>
<arg>${pwd}</arg>
</arguments>
<kw name="Input Text" library="SeleniumLibrary">
<doc>Types the given ``text`` into the text field identified by ``locator``.</doc>
<arguments>
<arg>${txt_loginPassword}</arg>
<arg>${password}</arg>
</arguments>
<msg timestamp="20200601 16:36:05.269" level="INFO">Typing text 'tutorial' into text field 'name:password'.</msg>
<status status="PASS" starttime="20200601 16:36:05.269" endtime="20200601 16:36:24.099"></status>
</kw>
<status status="PASS" starttime="20200601 16:36:05.268" endtime="20200601 16:36:24.100"></status>
</kw>
<kw name="Click SignIn" library="LoginKeywors">
<kw name="Click Button" library="SeleniumLibrary">
<doc>Clicks the button identified by ``locator``.</doc>
<arguments>
<arg>${btn_signIn}</arg>
</arguments>
<msg timestamp="20200601 16:36:24.100" level="INFO">Clicking button 'name:login'.</msg>
<status status="PASS" starttime="20200601 16:36:24.100" endtime="20200601 16:39:04.212"></status>
</kw>
<status status="PASS" starttime="20200601 16:36:24.100" endtime="20200601 16:39:04.213"></status>
</kw>
<kw name="Sleep" library="BuiltIn">
<doc>Pauses the test executed for the given time.</doc>
<arguments>
<arg>${timeout}</arg>
</arguments>
<msg timestamp="20200601 16:39:07.214" level="INFO">Slept 3 seconds</msg>
<status status="PASS" starttime="20200601 16:39:04.213" endtime="20200601 16:39:07.215"></status>
</kw>
<kw name="Verify Successful Login" library="LoginKeywors">
<kw name="Title Should Be" library="SeleniumLibrary">
<doc>Verifies that the current page title equals ``title``.</doc>
<arguments>
<arg>Find a Flight: Mercury Tours:</arg>
</arguments>
<msg timestamp="20200601 16:39:07.241" level="INFO">Page title is 'Find a Flight: Mercury Tours:'.</msg>
<status status="PASS" starttime="20200601 16:39:07.216" endtime="20200601 16:39:07.242"></status>
</kw>
<status status="PASS" starttime="20200601 16:39:07.215" endtime="20200601 16:39:07.242"></status>
</kw>
<status status="PASS" starttime="20200601 16:35:46.094" endtime="20200601 16:39:07.243" critical="yes"></status>
</test>
<kw name="close my broswers" library="LoginKeywors" type="teardown">
<kw name="Close All Browsers" library="SeleniumLibrary">
<doc>Closes all open browsers and resets the browser cache.</doc>
<status status="PASS" starttime="20200601 16:39:07.248" endtime="20200601 16:39:09.914"></status>
</kw>
<status status="PASS" starttime="20200601 16:39:07.247" endtime="20200601 16:39:09.915"></status>
</kw>
<status status="PASS" starttime="20200601 16:35:33.581" endtime="20200601 16:39:09.915"></status>
</suite>
<statistics>
<total>
<stat pass="1" fail="0">Critical Tests</stat>
<stat pass="1" fail="0">All Tests</stat>
</total>
<tag>
</tag>
<suite>
<stat pass="1" fail="0" id="s1" name="Login">Login</stat>
</suite>
</statistics>
<errors>
</errors>
</robot>
